
[ â€‰â€‰â€…â€…UTCâ€…â€…â€‰â€‰ ] Logs for uidai-hackathon-2026-team-dhurandhar.streamlit.app/
â”€â”€â”€â”€â”€â”€â”€â”€â”€â”€â”€â”€â”€â”€â”€â”€â”€â”€â”€â”€â”€â”€â”€â”€â”€â”€â”€â”€â”€â”€â”€â”€â”€â”€â”€â”€â”€â”€â”€â”€â”€â”€â”€â”€â”€â”€â”€â”€â”€â”€â”€â”€â”€â”€â”€â”€â”€â”€â”€â”€â”€â”€â”€â”€â”€â”€â”€â”€â”€â”€â”€â”€â”€â”€â”€â”€â”€â”€â”€â”€â”€â”€â”€â”€â”€â”€â”€â”€
[09:23:23] ğŸš€ Starting up repository: 'uidai-hackathon-2026', branch: 'main', main module: 'dashboard/app.py'
[09:23:23] ğŸ™ Cloning repository...
[09:23:28] ğŸ™ Cloning into '/mount/src/uidai-hackathon-2026'...
Updating files:  60% (17/28)Updating files:  64% (18/28)Updating files:  67% (19/28)Updating files:  71% (20/28)Updating files:  75% (21/28)Updating files:  78% (22/28)Updating files:  82% (23/28)Updating files:  85% (24/28)Updating files:  89% (25/28)Updating files:  92% (26/28)Updating files:  96% (27/28)Updating files: 100% (28/28)Updating files: 100% (28/28), done.

[09:23:28] ğŸ™ Cloned repository!
[09:23:28] ğŸ™ Pulling code changes from Github...
[09:23:29] ğŸ“¦ Processing dependencies...

â”€â”€â”€â”€â”€â”€â”€â”€â”€â”€â”€â”€â”€â”€â”€â”€â”€â”€â”€â”€â”€â”€â”€â”€â”€â”€â”€â”€â”€â”€â”€â”€â”€â”€â”€â”€â”€â”€â”€â”€ uv â”€â”€â”€â”€â”€â”€â”€â”€â”€â”€â”€â”€â”€â”€â”€â”€â”€â”€â”€â”€â”€â”€â”€â”€â”€â”€â”€â”€â”€â”€â”€â”€â”€â”€â”€â”€â”€â”€â”€â”€â”€â”€â”€

Using uv pip install.
Using Python 3.13.11 environment at /home/adminuser/venv
Resolved 139 packages in 758ms
  Ã— Failed to download and build `scipy==1.11.4`
  â•°â”€â–¶ Build backend failed to build wheel through `build_wheel` (exit status:
      1)

      [stdout]
      + meson setup
      /home/adminuser/.cache/uv/sdists-v6/pypi/scipy/1.11.4/rwvRvVtUfhAGl14uq99BX/src
      /home/adminuser/.cache/uv/sdists-v6/pypi/scipy/1.11.4/rwvRvVtUfhAGl14uq99BX/src/.mesonpy-l7rgxi9e
      -Dbuildtype=release -Db_ndebug=if-release -Db_vscrt=md
      --native-file=/home/adminuser/.cache/uv/sdists-v6/pypi/scipy/1.11.4/rwvRvVtUfhAGl14uq99BX/src/.mesonpy-l7rgxi9e/meson-python-native-file.ini
      The Meson build system
      Version: 1.10.1
      Source dir:
      /home/adminuser/.cache/uv/sdists-v6/pypi/scipy/1.11.4/rwvRvVtUfhAGl14uq99BX/src
      Build dir:
      /home/adminuser/.cache/uv/sdists-v6/pypi/scipy/1.11.4/rwvRvVtUfhAGl14uq99BX/src/.mesonpy-l7rgxi9e
      Build type: native build
      Project name: SciPy
      Project version: 1.11.4
      C compiler for the host machine: cc (gcc 12.2.0 "cc (Debian
      12.2.0-14+deb12u1) 12.2.0")
      C linker for the host machine: cc ld.bfd 2.40
      C++ compiler for the host machine: c++ (gcc 12.2.0 "c++ (Debian
      12.2.0-14+deb12u1) 12.2.0")
      C++ linker for the host machine: c++ ld.bfd 2.40
      Cython compiler for the host machine: cython (cython 0.29.37)
      Host machine cpu family: x86_64
      Host machine cpu: x86_64
      Program python found: YES
      (/home/adminuser/.cache/uv/builds-v0/.tmphfBJEn/bin/python)
      Did not find pkg-config by name 'pkg-config'
      Found pkg-config: NO
      Run-time dependency python found: YES 3.13
      Program cython found: YES
      (/home/adminuser/.cache/uv/builds-v0/.tmphfBJEn/bin/cython)
      Compiler for C supports arguments -Wno-unused-but-set-variable: YES
      Compiler for C supports arguments -Wno-unused-function: YES
      Compiler for C supports arguments -Wno-conversion: YES
      Compiler for C supports arguments -Wno-misleading-indentation: YES
      Library m found: YES

      ../meson.build:80:0: ERROR: Unknown compiler(s): [['gfortran'],
      ['flang-new'], ['flang'], ['nvfortran'], ['pgfortran'], ['ifort'],
      ['ifx'], ['g95']]
      The following exception(s) were encountered:
      Running `gfortran --help` gave "[Errno 2] No such file or directory:
      'gfortran'"
      Running `gfortran --version` gave "[Errno 2] No such file or directory:
      'gfortran'"
      Running `gfortran -V` gave "[Errno 2] No such file or directory:
      'gfortran'"
      Running `flang-new --help` gave "[Errno 2] No such file or directory:
      'flang-new'"
      Running `flang-new --version` gave "[Errno 2] No such file or directory:
      'flang-new'"
      Running `flang-new -V` gave "[Errno 2] No such file or directory:
      'flang-new'"
      Running `flang --help` gave "[Errno 2] No such file or directory:
      'flang'"
      Running `flang --version` gave "[Errno 2] No such file or directory:
      'flang'"
      Running `flang -V` gave "[Errno 2] No such file or directory: 'flang'"
      Running `nvfortran --help` gave "[Errno 2] No such file or directory:
      'nvfortran'"
      Running `nvfortran --version` gave "[Errno 2] No such file or directory:
      'nvfortran'"
      Running `nvfortran -V` gave "[Errno 2] No such file or directory:
      'nvfortran'"
      Running `pgfortran --help` gave "[Errno 2] No such file or directory:
      'pgfortran'"
      Running `pgfortran --version` gave "[Errno 2] No such file or directory:
      'pgfortran'"
      Running `pgfortran -V` gave "[Errno 2] No such file or directory:
      'pgfortran'"
      Running `ifort --help` gave "[Errno 2] No such file or directory:
      'ifort'"
      Running `ifort --version` gave "[Errno 2] No such file or directory:
      'ifort'"
      Running `ifort -V` gave "[Errno 2] No such file or directory: 'ifort'"
      Running `ifx --help` gave "[Errno 2] No such file or directory: 'ifx'"
      Running `ifx --version` gave "[Errno 2] No such file or directory:
      'ifx'"
      Running `ifx -V` gave "[Errno 2] No such file or directory: 'ifx'"
      Running `g95 --help` gave "[Errno 2] No such file or directory: 'g95'"
      Running `g95 --version` gave "[Errno 2] No such file or directory:
      'g95'"
      Running `g95 -V` gave "[Errno 2] No such file or directory: 'g95'"

      A full log can be found at
      /home/adminuser/.cache/uv/sdists-v6/pypi/scipy/1.11.4/rwvRvVtUfhAGl14uq99BX/src/.mesonpy-l7rgxi9e/meson-logs/meson-log.txt

Checking if Streamlit is installed
Installing rich for an improved exception logging
Using uv pip install.
Using Python 3.13.11 environment at /home/adminuser/venv
Resolved [2026-01-20 09:23:50.636079] 4 packages[2026-01-20 09:23:50.636521]  in 47ms
Prepared [2026-01-20 09:23:50.700109] 1 package[2026-01-20 09:23:50.700314]  [2026-01-20 09:23:50.700517] in 62ms[2026-01-20 09:23:50.700707] 
Installed 4 packages in 17ms
 + markdown-it-py==4.0.0
 + mdurl==0.1.2
 + pygments==2.19.2
 + rich==14.2.0

â”€â”€â”€â”€â”€â”€â”€â”€â”€â”€â”€â”€â”€â”€â”€â”€â”€â”€â”€â”€â”€â”€â”€â”€â”€â”€â”€â”€â”€â”€â”€â”€â”€â”€â”€â”€â”€â”€â”€â”€â”€â”€â”€â”€â”€â”€â”€â”€â”€â”€â”€â”€â”€â”€â”€â”€â”€â”€â”€â”€â”€â”€â”€â”€â”€â”€â”€â”€â”€â”€â”€â”€â”€â”€â”€â”€â”€â”€â”€â”€â”€â”€â”€â”€â”€â”€â”€â”€


â”€â”€â”€â”€â”€â”€â”€â”€â”€â”€â”€â”€â”€â”€â”€â”€â”€â”€â”€â”€â”€â”€â”€â”€â”€â”€â”€â”€â”€â”€â”€â”€â”€â”€â”€â”€â”€â”€â”€â”€ pip â”€â”€â”€â”€â”€â”€â”€â”€â”€â”€â”€â”€â”€â”€â”€â”€â”€â”€â”€â”€â”€â”€â”€â”€â”€â”€â”€â”€â”€â”€â”€â”€â”€â”€â”€â”€â”€â”€â”€â”€â”€â”€â”€

Using standard pip install.
Collecting pandas==2.1.4 (from -r /mount/src/uidai-hackathon-2026/requirements.txt (line 2))
  Downloading pandas-2.1.4.tar.gz (4.3 MB)
     â”â”â”â”â”â”â”â”â”â”â”â”â”â”â”â”â”â”â”â”â”â”â”â”â”â”â”â”â”â”â”â”â”â”â”â”â”â”â”â” 4.3/4.3 MB 66.4 MB/s eta 0:00:00[2026-01-20 09:23:52.307705] 
  Installing build dependencies: started
  Installing build dependencies: still running...
  Installing build dependencies: finished with status 'done'
  Getting requirements to build wheel: started
  Getting requirements to build wheel: finished with status 'done'
  Installing backend dependencies: started
  Installing backend dependencies: finished with status 'done'
  Preparing metadata (pyproject.toml): started
  Preparing metadata (pyproject.toml): finished with status 'error'
  error: subprocess-exited-with-error
  
  Ã— Preparing metadata (pyproject.toml) did not run successfully.
  â”‚ exit code: 1
  â•°â”€> [105 lines of output]
      + meson setup /tmp/pip-install-5ot45626/pandas_ab827e1850a34cb1b4377575e918ee15 /tmp/pip-install-5ot45626/pandas_ab827e1850a34cb1b4377575e918ee15/.mesonpy-42pqungw/build -Dbuildtype=release -Db_ndebug=if-release -Db_vscrt=md --vsenv --native-file=/tmp/pip-install-5ot45626/pandas_ab827e1850a34cb1b4377575e918ee15/.mesonpy-42pqungw/build/meson-python-native-file.ini
      The Meson build system
      Version: 1.2.1
      Source dir: /tmp/pip-install-5ot45626/pandas_ab827e1850a34cb1b4377575e918ee15
      Build dir: /tmp/pip-install-5ot45626/pandas_ab827e1850a34cb1b4377575e918ee15/.mesonpy-42pqungw/build
      Build type: native build
      Project name: pandas
      Project version: 2.1.4
      C compiler for the host machine: cc (gcc 12.2.0 "cc (Debian 12.2.0-14+deb12u1) 12.2.0")
      C linker for the host machine: cc ld.bfd 2.40
      C++ compiler for the host machine: c++ (gcc 12.2.0 "c++ (Debian 12.2.0-14+deb12u1) 12.2.0")
      C++ linker for the host machine: c++ ld.bfd 2.40
      Cython compiler for the host machine: cython (cython 0.29.37)
      Host machine cpu family: x86_64
      Host machine cpu: x86_64
      Program python found: YES (/home/adminuser/venv/bin/python)
      Did not find pkg-config by name 'pkg-config'
      Found Pkg-config: NO
      Run-time dependency python found: YES 3.13
      Build targets in project: 53
      
      pandas 2.1.4
      
        User defined options
          Native files: /tmp/pip-install-5ot45626/pandas_ab827e1850a34cb1b4377575e918ee15/.mesonpy-42pqungw/build/meson-python-native-file.ini
          buildtype   : release
          vsenv       : True
          b_ndebug    : if-release
          b_vscrt     : md
      
      Found ninja-1.13.0.git.kitware.jobserver-pipe-1 at /tmp/pip-build-env-hd3mvpyo/normal/bin/ninja
      
      Visual Studio environment is needed to run Ninja. It is recommended to use Meson wrapper:
      /tmp/pip-build-env-hd3mvpyo/overlay/bin/meson compile -C .
      + /tmp/pip-build-env-hd3mvpyo/normal/bin/ninja
      [1/151] Generating pandas/_libs/intervaltree_helper_pxi with a custom command
      [2/151] Generating pandas/_libs/algos_common_helper_pxi with a custom command
      [3/151] Generating pandas/_libs/algos_take_helper_pxi with a custom command
      [4/151] Generating pandas/_libs/hashtable_func_helper_pxi with a custom command
      [5/151] Generating pandas/_libs/khash_primitive_helper_pxi with a custom command
      [6/151] Generating pandas/_libs/sparse_op_helper_pxi with a custom command
      [7/151] Generating pandas/_libs/index_class_helper_pxi with a custom command
      [8/151] Generating pandas/_libs/hashtable_class_helper_pxi with a custom command
      [9/151] Compiling Cython source /tmp/pip-install-5ot45626/pandas_ab827e1850a34cb1b4377575e918ee15/pandas/_libs/tslibs/base.pyx
      [10/151] Compiling Cython source /tmp/pip-install-5ot45626/pandas_ab827e1850a34cb1b4377575e918ee15/pandas/_libs/tslibs/ccalendar.pyx
      [11/151] Compiling Cython source /tmp/pip-install-5ot45626/pandas_ab827e1850a34cb1b4377575e918ee15/pandas/_libs/tslibs/nattype.pyx
      [12/151] Compiling Cython source /tmp/pip-install-5ot45626/pandas_ab827e1850a34cb1b4377575e918ee15/pandas/_libs/arrays.pyx
      [13/151] Compiling Cython source /tmp/pip-install-5ot45626/pandas_ab827e1850a34cb1b4377575e918ee15/pandas/_libs/tslibs/dtypes.pyx
      [14/151] Compiling Cython source /tmp/pip-install-5ot45626/pandas_ab827e1850a34cb1b4377575e918ee15/pandas/_libs/tslibs/np_datetime.pyx
      [15/151] Compiling Cython source /tmp/pip-install-5ot45626/pandas_ab827e1850a34cb1b4377575e918ee15/pandas/_libs/indexing.pyx
      [16/151] Compiling Cython source /tmp/pip-install-5ot45626/pandas_ab827e1850a34cb1b4377575e918ee15/pandas/_libs/tslibs/timezones.pyx
      [17/151] Compiling Cython source /tmp/pip-install-5ot45626/pandas_ab827e1850a34cb1b4377575e918ee15/pandas/_libs/tslibs/parsing.pyx
      [18/151] Compiling Cython source /tmp/pip-install-5ot45626/pandas_ab827e1850a34cb1b4377575e918ee15/pandas/_libs/tslibs/vectorized.pyx
      [19/151] Compiling Cython source /tmp/pip-install-5ot45626/pandas_ab827e1850a34cb1b4377575e918ee15/pandas/_libs/tslibs/timestamps.pyx
      [20/151] Compiling Cython source /tmp/pip-install-5ot45626/pandas_ab827e1850a34cb1b4377575e918ee15/pandas/_libs/tslibs/fields.pyx
      [21/151] Compiling Cython source /tmp/pip-install-5ot45626/pandas_ab827e1850a34cb1b4377575e918ee15/pandas/_libs/tslibs/tzconversion.pyx
      [22/151] Compiling Cython source /tmp/pip-install-5ot45626/pandas_ab827e1850a34cb1b4377575e918ee15/pandas/_libs/hashing.pyx
      [23/151] Compiling Cython source /tmp/pip-install-5ot45626/pandas_ab827e1850a34cb1b4377575e918ee15/pandas/_libs/tslibs/conversion.pyx
      [24/151] Compiling Cython source /tmp/pip-install-5ot45626/pandas_ab827e1850a34cb1b4377575e918ee15/pandas/_libs/tslibs/strptime.pyx
      [25/151] Compiling Cython source /tmp/pip-install-5ot45626/pandas_ab827e1850a34cb1b4377575e918ee15/pandas/_libs/tslibs/offsets.pyx
      [26/151] Compiling Cython source /tmp/pip-install-5ot45626/pandas_ab827e1850a34cb1b4377575e918ee15/pandas/_libs/ops_dispatch.pyx
      [27/151] Compiling Cython source /tmp/pip-install-5ot45626/pandas_ab827e1850a34cb1b4377575e918ee15/pandas/_libs/tslibs/timedeltas.pyx
      [28/151] Compiling Cython source /tmp/pip-install-5ot45626/pandas_ab827e1850a34cb1b4377575e918ee15/pandas/_libs/properties.pyx
      [29/151] Compiling Cython source /tmp/pip-install-5ot45626/pandas_ab827e1850a34cb1b4377575e918ee15/pandas/_libs/tslibs/period.pyx
      [30/151] Compiling Cython source /tmp/pip-install-5ot45626/pandas_ab827e1850a34cb1b4377575e918ee15/pandas/_libs/missing.pyx
      [31/151] Compiling Cython source /tmp/pip-install-5ot45626/pandas_ab827e1850a34cb1b4377575e918ee15/pandas/_libs/byteswap.pyx
      [32/151] Compiling Cython source /tmp/pip-install-5ot45626/pandas_ab827e1850a34cb1b4377575e918ee15/pandas/_libs/testing.pyx
      [33/151] Compiling C object pandas/_libs/tslibs/base.cpython-313-x86_64-linux-gnu.so.p/meson-generated_pandas__libs_tslibs_base.pyx.c.o
      FAILED: [code=1] pandas/_libs/tslibs/base.cpython-313-x86_64-linux-gnu.so.p/meson-generated_pandas__libs_tslibs_base.pyx.c.o
      cc -Ipandas/_libs/tslibs/base.cpython-313-x86_64-linux-gnu.so.p -Ipandas/_libs/tslibs -I../../pandas/_libs/tslibs -I../../../../pip-build-env-hd3mvpyo/overlay/lib/python3.13/site-packages/numpy/core/include -I../../pandas/_libs/include -I/usr/local/include/python3.13 -fvisibility=hidden -fdiagnostics-color=always -DNDEBUG -D_FILE_OFFSET_BITS=64 -w -std=c99 -O3 -DNPY_NO_DEPRECATED_API=0 -DNPY_TARGET_VERSION=NPY_1_21_API_VERSION -fPIC -MD -MQ pandas/_libs/tslibs/base.cpython-313-x86_64-linux-gnu.so.p/meson-generated_pandas__libs_tslibs_base.pyx.c.o -MF pandas/_libs/tslibs/base.cpython-313-x86_64-linux-gnu.so.p/meson-generated_pandas__libs_tslibs_base.pyx.c.o.d -o pandas/_libs/tslibs/base.cpython-313-x86_64-linux-gnu.so.p/meson-generated_pandas__libs_tslibs_base.pyx.c.o -c pandas/_libs/tslibs/base.cpython-313-x86_64-linux-gnu.so.p/pandas/_libs/tslibs/base.pyx.c
      pandas/_libs/tslibs/base.cpython-313-x86_64-linux-gnu.so.p/pandas/_libs/tslibs/base.pyx.c: In function â€˜__Pyx_PyInt_As_longâ€™:
      pandas/_libs/tslibs/base.cpython-313-x86_64-linux-gnu.so.p/pandas/_libs/tslibs/base.pyx.c:5397:27: error: too few arguments to function â€˜_PyLong_AsByteArrayâ€™
       5397 |                 int ret = _PyLong_AsByteArray((PyLongObject *)v,
            |                           ^~~~~~~~~~~~~~~~~~~
      In file included from /usr/local/include/python3.13/longobject.h:107,
                       from /usr/local/include/python3.13/Python.h:82,
                       from pandas/_libs/tslibs/base.cpython-313-x86_64-linux-gnu.so.p/pandas/_libs/tslibs/base.pyx.c:6:
      /usr/local/include/python3.13/cpython/longobject.h:111:17: note: declared here
        111 | PyAPI_FUNC(int) _PyLong_AsByteArray(PyLongObject* v,
            |                 ^~~~~~~~~~~~~~~~~~~
      pandas/_libs/tslibs/base.cpython-313-x86_64-linux-gnu.so.p/pandas/_libs/tslibs/base.pyx.c: In function â€˜__Pyx_PyInt_As_intâ€™:
      pandas/_libs/tslibs/base.cpython-313-x86_64-linux-gnu.so.p/pandas/_libs/tslibs/base.pyx.c:5631:27: error: too few arguments to function â€˜_PyLong_AsByteArrayâ€™
       5631 |                 int ret = _PyLong_AsByteArray((PyLongObject *)v,
            |                           ^~~~~~~~~~~~~~~~~~~
      /usr/local/include/python3.13/cpython/longobject.h:111:17: note: declared here
        111 | PyAPI_FUNC(int) _PyLong_AsByteArray(PyLongObject* v,
            |                 ^~~~~~~~~~~~~~~~~~~
      [34/151] Compiling Cython source /tmp/pip-install-5ot45626/pandas_ab827e1850a34cb1b4377575e918ee15/pandas/_libs/internals.pyx
      [35/151] Compiling Cython source /tmp/pip-install-5ot45626/pandas_ab827e1850a34cb1b4377575e918ee15/pandas/_libs/ops.pyx
      [36/151] Compiling Cython source /tmp/pip-install-5ot45626/pandas_ab827e1850a34cb1b4377575e918ee15/pandas/_libs/sas.pyx
      [37/151] Compiling Cython source /tmp/pip-install-5ot45626/pandas_ab827e1850a34cb1b4377575e918ee15/pandas/_libs/window/indexers.pyx
      [38/151] Compiling Cython source /tmp/pip-install-5ot45626/pandas_ab827e1850a34cb1b4377575e918ee15/pandas/_libs/parsers.pyx
      [39/151] Compiling Cython source /tmp/pip-install-5ot45626/pandas_ab827e1850a34cb1b4377575e918ee15/pandas/_libs/reshape.pyx
      [40/151] Compiling Cython source /tmp/pip-install-5ot45626/pandas_ab827e1850a34cb1b4377575e918ee15/pandas/_libs/index.pyx
      [41/151] Compiling Cython source /tmp/pip-install-5ot45626/pandas_ab827e1850a34cb1b4377575e918ee15/pandas/_libs/tslib.pyx
      [42/151] Compiling Cython source /tmp/pip-install-5ot45626/pandas_ab827e1850a34cb1b4377575e918ee15/pandas/_libs/writers.pyx
      [43/151] Compiling Cython source /tmp/pip-install-5ot45626/pandas_ab827e1850a34cb1b4377575e918ee15/pandas/_libs/lib.pyx
      [44/151] Compiling Cython source /tmp/pip-install-5ot45626/pandas_ab827e1850a34cb1b4377575e918ee15/pandas/_libs/window/aggregations.pyx
      [45/151] Compiling Cython source /tmp/pip-install-5ot45626/pandas_ab827e1850a34cb1b4377575e918ee15/pandas/_libs/interval.pyx
      [46/151] Compiling Cython source /tmp/pip-install-5ot45626/pandas_ab827e1850a34cb1b4377575e918ee15/pandas/_libs/sparse.pyx
      [47/151] Compiling Cython source /tmp/pip-install-5ot45626/pandas_ab827e1850a34cb1b4377575e918ee15/pandas/_libs/hashtable.pyx
      [48/151] Compiling Cython source /tmp/pip-install-5ot45626/pandas_ab827e1850a34cb1b4377575e918ee15/pandas/_libs/groupby.pyx
      [49/151] Compiling Cython source /tmp/pip-install-5ot45626/pandas_ab827e1850a34cb1b4377575e918ee15/pandas/_libs/algos.pyx
      [50/151] Compiling Cython source /tmp/pip-install-5ot45626/pandas_ab827e1850a34cb1b4377575e918ee15/pandas/_libs/join.pyx
      ninja: build stopped: subcommand failed.
      [end of output]
  
  note: This error originates from a subprocess, and is likely not a problem with pip.
error: metadata-generation-failed

Ã— Encountered error while generating package metadata.
â•°â”€> See above for output.

note: This is an issue with the package mentioned above, not pip.
hint: See above for details.

[notice] A new release of pip is available: 24.0 -> 25.3
[notice] To update, run: pip install --upgrade pip
Checking if Streamlit is installed
Installing rich for an improved exception logging
Using standard pip install.
Collecting rich>=10.14.0
  Downloading rich-14.2.0-py3-none-any.whl.metadata (18 kB)
Collecting markdown-it-py>=2.2.0 (from rich>=10.14.0)
  Downloading markdown_it_py-4.0.0-py3-none-any.whl.metadata (7.3 kB)
Collecting pygments<3.0.0,>=2.13.0 (from rich>=10.14.0)
  Downloading pygments-2.19.2-py3-none-any.whl.metadata (2.5 kB)
Collecting mdurl~=0.1 (from markdown-it-py>=2.2.0->rich>=10.14.0)
  Downloading mdurl-0.1.2-py3-none-any.whl.metadata (1.6 kB)
Downloading rich-14.2.0-py3-none-any.whl (243 kB)
   â”â”â”â”â”â”â”â”â”â”â”â”â”â”â”â”â”â”â”â”â”â”â”â”â”â”â”â”â”â”â”â”â”â”â”â”â”â”â”â” 243.4/243.4 kB 14.8 MB/s eta 0:00:00[2026-01-20 09:26:20.901846] 
Downloading markdown_it_py-4.0.0-py3-none-any.whl (87 kB)
   â”â”â”â”â”â”â”â”â”â”â”â”â”â”â”â”â”â”â”â”â”â”â”â”â”â”â”â”â”â”â”â”â”â”â”â”â”â”â”â” 87.3/87.3 kB 185.3 MB/s eta 0:00:00[2026-01-20 09:26:20.914601] 
Downloading pygments-2.19.2-py3-none-any.whl (1.2 MB)
   â”â”â”â”â”â”â”â”â”â”â”â”â”â”â”â”â”â”â”â”â”â”â”â”â”â”â”â”â”â”â”â”â”â”â”â”â”â”â”â” 1.2/1.2 MB 92.2 MB/s eta 0:00:00[2026-01-20 09:26:20.940689] 
Downloading mdurl-0.1.2-py3-none-any.whl (10.0 kB)
Installing collected packages: pygments, mdurl, markdown-it-py, rich
  Attempting uninstall: pygments
    Found existing installation: Pygments 2.19.2
    Uninstalling Pygments-2.19.2:
      Successfully uninstalled Pygments-2.19.2
  Attempting uninstall: mdurl
    Found existing installation: mdurl 0.1.2
    Uninstalling mdurl-0.1.2:
      Successfully uninstalled mdurl-0.1.2
  Attempting uninstall: markdown-it-py
    Found existing installation: markdown-it-py 4.0.0
    Uninstalling markdown-it-py-4.0.0:
      Successfully uninstalled markdown-it-py-4.0.0
  Attempting uninstall: rich
    Found existing installation: rich 14.2.0
    Uninstalling rich-14.2.0:
      Successfully uninstalled rich-14.2.0
Successfully installed markdown-it-py-4.0.0 mdurl-0.1.2 pygments-2.19.2 rich-14.2.0

[notice] A new release of pip is available: 24.0 -> 25.3
[notice] To update, run: pip install --upgrade pip

â”€â”€â”€â”€â”€â”€â”€â”€â”€â”€â”€â”€â”€â”€â”€â”€â”€â”€â”€â”€â”€â”€â”€â”€â”€â”€â”€â”€â”€â”€â”€â”€â”€â”€â”€â”€â”€â”€â”€â”€â”€â”€â”€â”€â”€â”€â”€â”€â”€â”€â”€â”€â”€â”€â”€â”€â”€â”€â”€â”€â”€â”€â”€â”€â”€â”€â”€â”€â”€â”€â”€â”€â”€â”€â”€â”€â”€â”€â”€â”€â”€â”€â”€â”€â”€â”€â”€â”€

[09:26:23] â—ï¸ installer returned a non-zero exit code
[09:26:23] â—ï¸ Error during processing dependencies! Please fix the error and push an update, or try restarting the app.
[09:31:32] ğŸ™ Pulling code changes from Github...
[09:31:34] ğŸ“¦ Processing dependencies...

â”€â”€â”€â”€â”€â”€â”€â”€â”€â”€â”€â”€â”€â”€â”€â”€â”€â”€â”€â”€â”€â”€â”€â”€â”€â”€â”€â”€â”€â”€â”€â”€â”€â”€â”€â”€â”€â”€â”€â”€ uv â”€â”€â”€â”€â”€â”€â”€â”€â”€â”€â”€â”€â”€â”€â”€â”€â”€â”€â”€â”€â”€â”€â”€â”€â”€â”€â”€â”€â”€â”€â”€â”€â”€â”€â”€â”€â”€â”€â”€â”€â”€â”€â”€

Using uv pip install.
Using Python 3.13.11 environment at /home/adminuser/venv
Resolved 49 packages in 213ms
Prepared 49 packages in 1.17s
Installed 49 packages in 132ms
 + altair==6.0.0
 + attrs==25.4.0
 + blinker==1.9.0
 + cachetools==6.2.4
 + certifi==2026.1.4
 + charset-normalizer==3.4.4
 + click==8.3.1
 + contourpy==1.3.3
 + [2026-01-20 09:31:36.589023] cycler==0.12.1
 + fonttools==4.61.1
 + gitdb==4.0.12
 + gitpython==3.1.46
 + idna==3.11[2026-01-20 09:31:36.589293] 
 + jinja2==3.1.6
 + joblib==1.5.3
 + jsonschema==4.26.0
 + jsonschema-specifications==2025.9.1
 + kiwisolver==1.4.9
 + markupsafe==3.0.3
 + matplotlib==3.10.8
 + narwhals==2.15.0
 + numpy[2026-01-20 09:31:36.589519] ==2.4.1
 + packaging==25.0
 + pandas==2.3.3
 + pillow==12.1.0
 + plotly==6.5.2
 + protobuf==6.33.4
 + pyarrow==23.0.0[2026-01-20 09:31:36.589750] 
 + pydeck==0.9.1
 + pyparsing==3.3.1
 + python-dateutil==2.9.0.post0
 + pytz==2025.2
 + referencing==0.37.0
 + requests==2.32.5[2026-01-20 09:31:36.589923] 
 + rpds-py==0.30.0
 + scikit-learn==1.8.0
 + scipy==1.17.0
 + seaborn==0.13.2
 + six==1.17.0
 + smmap==5.0.2
 + streamlit==1.53.0
 + tenacity==9.1.2
 + threadpoolctl==3.6.0
 + toml==0.10.2
 + tornado==6.5.4
 + typing-extensions==4.15.0
 [2026-01-20 09:31:36.590224] + tzdata==2025.3
 + urllib3==2.6.3
 + watchdog==6.0.0
Checking if Streamlit is installed
Found Streamlit version 1.53.0 in the environment
Installing rich for an improved exception logging
Using uv pip install.
Using Python 3.13.11 environment at /home/adminuser/venv
Audited 1 package in 2ms

â”€â”€â”€â”€â”€â”€â”€â”€â”€â”€â”€â”€â”€â”€â”€â”€â”€â”€â”€â”€â”€â”€â”€â”€â”€â”€â”€â”€â”€â”€â”€â”€â”€â”€â”€â”€â”€â”€â”€â”€â”€â”€â”€â”€â”€â”€â”€â”€â”€â”€â”€â”€â”€â”€â”€â”€â”€â”€â”€â”€â”€â”€â”€â”€â”€â”€â”€â”€â”€â”€â”€â”€â”€â”€â”€â”€â”€â”€â”€â”€â”€â”€â”€â”€â”€â”€â”€â”€

[09:31:39] ğŸ Python dependencies were installed from /mount/src/uidai-hackathon-2026/requirements.txt using uv.
[09:31:39] ğŸ“¦ Processed dependencies!



[09:31:42] ğŸ”„ Updated app!
2026-01-20 09:32:54.992 Please replace `use_container_width` with `width`.

`use_container_width` will be removed after 2025-12-31.

For `use_container_width=True`, use `width='stretch'`. For `use_container_width=False`, use `width='content'`.
2026-01-20 09:33:11.506 Please replace `use_container_width` with `width`.

`use_container_width` will be removed after 2025-12-31.

For `use_container_width=True`, use `width='stretch'`. For `use_container_width=False`, use `width='content'`.
2026-01-20 09:33:11.552 Please replace `use_container_width` with `width`.

`use_container_width` will be removed after 2025-12-31.

For `use_container_width=True`, use `width='stretch'`. For `use_container_width=False`, use `width='content'`.
2026-01-20 09:33:30.122 Please replace `use_container_width` with `width`.

`use_container_width` will be removed after 2025-12-31.

For `use_container_width=True`, use `width='stretch'`. For `use_container_width=False`, use `width='content'`.
2026-01-20 09:33:30.218 Please replace `use_container_width` with `width`.

`use_container_width` will be removed after 2025-12-31.

For `use_container_width=True`, use `width='stretch'`. For `use_container_width=False`, use `width='content'`.
2026-01-20 09:33:50.717 Please replace `use_container_width` with `width`.

`use_container_width` will be removed after 2025-12-31.

For `use_container_width=True`, use `width='stretch'`. For `use_container_width=False`, use `width='content'`.
2026-01-20 09:33:51.655 Please replace `use_container_width` with `width`.

`use_container_width` will be removed after 2025-12-31.

For `use_container_width=True`, use `width='stretch'`. For `use_container_width=False`, use `width='content'`.
2026-01-20 09:34:32.078 Please replace `use_container_width` with `width`.

`use_container_width` will be removed after 2025-12-31.

For `use_container_width=True`, use `width='stretch'`. For `use_container_width=False`, use `width='content'`.
2026-01-20 09:36:14.198 Please replace `use_container_width` with `width`.

`use_container_width` will be removed after 2025-12-31.

For `use_container_width=True`, use `width='stretch'`. For `use_container_width=False`, use `width='content'`.
2026-01-20 09:36:14.270 Please replace `use_container_width` with `width`.

`use_container_width` will be removed after 2025-12-31.

For `use_container_width=True`, use `width='stretch'`. For `use_container_width=False`, use `width='content'`.
[09:38:16] ğŸ™ Pulling code changes from Github...
[09:38:18] ğŸ“¦ Processing dependencies...
[09:38:18] ğŸ“¦ Processed dependencies!
[09:38:19] ğŸ”„ Updated app!
2026-01-20 09:38:25.400 Please replace `use_container_width` with `width`.

`use_container_width` will be removed after 2025-12-31.

For `use_container_width=True`, use `width='stretch'`. For `use_container_width=False`, use `width='content'`.
2026-01-20 09:38:25.454 Please replace `use_container_width` with `width`.

`use_container_width` will be removed after 2025-12-31.

For `use_container_width=True`, use `width='stretch'`. For `use_container_width=False`, use `width='content'`.
2026-01-20 09:43:26.574 Please replace `use_container_width` with `width`.

`use_container_width` will be removed after 2025-12-31.

For `use_container_width=True`, use `width='stretch'`. For `use_container_width=False`, use `width='content'`.
2026-01-20 09:43:26.625 Please replace `use_container_width` with `width`.

`use_container_width` will be removed after 2025-12-31.

For `use_container_width=True`, use `width='stretch'`. For `use_container_width=False`, use `width='content'`.
[09:57:47] ğŸ™ Pulling code changes from Github...
[09:57:49] ğŸ“¦ Processing dependencies...
[09:57:49] ğŸ“¦ Processed dependencies!
[09:57:50] ğŸ”„ Updated app!
2026-01-20 09:59:11.188 Please replace `use_container_width` with `width`.

`use_container_width` will be removed after 2025-12-31.

For `use_container_width=True`, use `width='stretch'`. For `use_container_width=False`, use `width='content'`.
2026-01-20 09:59:11.239 Please replace `use_container_width` with `width`.

`use_container_width` will be removed after 2025-12-31.

For `use_container_width=True`, use `width='stretch'`. For `use_container_width=False`, use `width='content'`.
2026-01-20 09:59:11.246 Please replace `use_container_width` with `width`.

`use_container_width` will be removed after 2025-12-31.

For `use_container_width=True`, use `width='stretch'`. For `use_container_width=False`, use `width='content'`.
[09:59:38] ğŸ™ Pulling code changes from Github...
[09:59:40] ğŸ“¦ Processing dependencies...
[09:59:40] ğŸ“¦ Processed dependencies!
[09:59:42] ğŸ”„ Updated app!
2026-01-20 10:06:33.163 Please replace `use_container_width` with `width`.

`use_container_width` will be removed after 2025-12-31.

For `use_container_width=True`, use `width='stretch'`. For `use_container_width=False`, use `width='content'`.
2026-01-20 10:06:33.193 Please replace `use_container_width` with `width`.

`use_container_width` will be removed after 2025-12-31.

For `use_container_width=True`, use `width='stretch'`. For `use_container_width=False`, use `width='content'`.
2026-01-20 10:07:15.304 Please replace `use_container_width` with `width`.

`use_container_width` will be removed after 2025-12-31.

For `use_container_width=True`, use `width='stretch'`. For `use_container_width=False`, use `width='content'`.
2026-01-20 10:07:15.336 Please replace `use_container_width` with `width`.

`use_container_width` will be removed after 2025-12-31.

For `use_container_width=True`, use `width='stretch'`. For `use_container_width=False`, use `width='content'`.
2026-01-20 10:12:12.870 Please replace `use_container_width` with `width`.

`use_container_width` will be removed after 2025-12-31.

For `use_container_width=True`, use `width='stretch'`. For `use_container_width=False`, use `width='content'`.
2026-01-20 10:12:12.901 Please replace `use_container_width` with `width`.

`use_container_width` will be removed after 2025-12-31.

For `use_container_width=True`, use `width='stretch'`. For `use_container_width=False`, use `width='content'`.
[10:24:41] ğŸ™ Pulling code changes from Github...
[10:24:43] ğŸ“¦ Processing dependencies...
[10:24:43] ğŸ“¦ Processed dependencies!
[10:24:45] ğŸ”„ Updated app!
2026-01-20 10:25:25.363 Please replace `use_container_width` with `width`.

`use_container_width` will be removed after 2025-12-31.

For `use_container_width=True`, use `width='stretch'`. For `use_container_width=False`, use `width='content'`.
2026-01-20 10:26:48.598 Please replace `use_container_width` with `width`.

`use_container_width` will be removed after 2025-12-31.

For `use_container_width=True`, use `width='stretch'`. For `use_container_width=False`, use `width='content'`.
2026-01-20 10:28:54.087 Please replace `use_container_width` with `width`.

`use_container_width` will be removed after 2025-12-31.

For `use_container_width=True`, use `width='stretch'`. For `use_container_width=False`, use `width='content'`.
2026-01-20 10:28:54.117 Please replace `use_container_width` with `width`.

`use_container_width` will be removed after 2025-12-31.

For `use_container_width=True`, use `width='stretch'`. For `use_container_width=False`, use `width='content'`.
2026-01-20 10:30:28.904 Please replace `use_container_width` with `width`.

`use_container_width` will be removed after 2025-12-31.

For `use_container_width=True`, use `width='stretch'`. For `use_container_width=False`, use `width='content'`.
2026-01-20 10:30:39.266 Please replace `use_container_width` with `width`.

`use_container_width` will be removed after 2025-12-31.

For `use_container_width=True`, use `width='stretch'`. For `use_container_width=False`, use `width='content'`.
2026-01-20 10:30:39.296 Please replace `use_container_width` with `width`.

`use_container_width` will be removed after 2025-12-31.

For `use_container_width=True`, use `width='stretch'`. For `use_container_width=False`, use `width='content'`.
2026-01-20 10:31:05.950 Please replace `use_container_width` with `width`.

`use_container_width` will be removed after 2025-12-31.

For `use_container_width=True`, use `width='stretch'`. For `use_container_width=False`, use `width='content'`.
2026-01-20 10:31:05.979 Please replace `use_container_width` with `width`.

`use_container_width` will be removed after 2025-12-31.

For `use_container_width=True`, use `width='stretch'`. For `use_container_width=False`, use `width='content'`.
2026-01-20 10:32:05.349 Please replace `use_container_width` with `width`.

`use_container_width` will be removed after 2025-12-31.

For `use_container_width=True`, use `width='stretch'`. For `use_container_width=False`, use `width='content'`.
2026-01-20 10:32:05.449 Please replace `use_container_width` with `width`.

`use_container_width` will be removed after 2025-12-31.

For `use_container_width=True`, use `width='stretch'`. For `use_container_width=False`, use `width='content'`.
2026-01-20 10:32:05.455 Please replace `use_container_width` with `width`.

`use_container_width` will be removed after 2025-12-31.

For `use_container_width=True`, use `width='stretch'`. For `use_container_width=False`, use `width='content'`.
2026-01-20 10:53:44.675 Please replace `use_container_width` with `width`.

`use_container_width` will be removed after 2025-12-31.

For `use_container_width=True`, use `width='stretch'`. For `use_container_width=False`, use `width='content'`.
2026-01-20 10:53:58.363 Please replace `use_container_width` with `width`.

`use_container_width` will be removed after 2025-12-31.

For `use_container_width=True`, use `width='stretch'`. For `use_container_width=False`, use `width='content'`.
2026-01-20 10:53:58.395 Please replace `use_container_width` with `width`.

`use_container_width` will be removed after 2025-12-31.

For `use_container_width=True`, use `width='stretch'`. For `use_container_width=False`, use `width='content'`.
2026-01-20 10:55:14.235 Please replace `use_container_width` with `width`.

`use_container_width` will be removed after 2025-12-31.

For `use_container_width=True`, use `width='stretch'`. For `use_container_width=False`, use `width='content'`.
2026-01-20 10:55:14.263 Please replace `use_container_width` with `width`.

`use_container_width` will be removed after 2025-12-31.

For `use_container_width=True`, use `width='stretch'`. For `use_container_width=False`, use `width='content'`.
2026-01-20 14:59:21.600 Please replace `use_container_width` with `width`.

`use_container_width` will be removed after 2025-12-31.

For `use_container_width=True`, use `width='stretch'`. For `use_container_width=False`, use `width='content'`.
2026-01-20 16:01:15.151 Please replace `use_container_width` with `width`.

`use_container_width` will be removed after 2025-12-31.

For `use_container_width=True`, use `width='stretch'`. For `use_container_width=False`, use `width='content'`.
2026-01-20 16:31:20.470 Please replace `use_container_width` with `width`.

`use_container_width` will be removed after 2025-12-31.

For `use_container_width=True`, use `width='stretch'`. For `use_container_width=False`, use `width='content'`.
2026-01-20 16:31:20.502 Please replace `use_container_width` with `width`.

`use_container_width` will be removed after 2025-12-31.

For `use_container_width=True`, use `width='stretch'`. For `use_container_width=False`, use `width='content'`.
2026-01-20 16:31:41.311 Please replace `use_container_width` with `width`.

`use_container_width` will be removed after 2025-12-31.

For `use_container_width=True`, use `width='stretch'`. For `use_container_width=False`, use `width='content'`.
2026-01-20 16:31:56.428 Please replace `use_container_width` with `width`.

`use_container_width` will be removed after 2025-12-31.

For `use_container_width=True`, use `width='stretch'`. For `use_container_width=False`, use `width='content'`.
2026-01-20 16:32:25.883 Please replace `use_container_width` with `width`.

`use_container_width` will be removed after 2025-12-31.

For `use_container_width=True`, use `width='stretch'`. For `use_container_width=False`, use `width='content'`.
2026-01-20 17:00:08.398 Please replace `use_container_width` with `width`.

`use_container_width` will be removed after 2025-12-31.

For `use_container_width=True`, use `width='stretch'`. For `use_container_width=False`, use `width='content'`.
2026-01-20 17:00:08.853 Please replace `use_container_width` with `width`.

`use_container_width` will be removed after 2025-12-31.

For `use_container_width=True`, use `width='stretch'`. For `use_container_width=False`, use `width='content'`.
2026-01-20 17:00:08.861 Please replace `use_container_width` with `width`.

`use_container_width` will be removed after 2025-12-31.

For `use_container_width=True`, use `width='stretch'`. For `use_container_width=False`, use `width='content'`.
2026-01-20 17:00:11.366 Please replace `use_container_width` with `width`.

`use_container_width` will be removed after 2025-12-31.

For `use_container_width=True`, use `width='stretch'`. For `use_container_width=False`, use `width='content'`.
2026-01-20 17:00:40.107 Please replace `use_container_width` with `width`.

`use_container_width` will be removed after 2025-12-31.

For `use_container_width=True`, use `width='stretch'`. For `use_container_width=False`, use `width='content'`.
2026-01-20 17:00:40.137 Please replace `use_container_width` with `width`.

`use_container_width` will be removed after 2025-12-31.

For `use_container_width=True`, use `width='stretch'`. For `use_container_width=False`, use `width='content'`.
[17:03:33] â—ï¸ The service has encountered an error while checking the health of the Streamlit app: Get "http://localhost:8501/script-health-check": EOF
[17:56:59] ğŸ™ Pulling code changes from Github...
[17:57:01] ğŸ“¦ Processing dependencies...
[17:57:01] ğŸ“¦ Processed dependencies!
[17:57:03] â—ï¸ error restarting streamlit: exit status 7: output: streamlit: ERROR (not running)
streamlit: ERROR (spawn error)
